# JRE version: OpenJDK Runtime Environment (8.0_131-b11) (build 1.8.0_131-8u131-b11-0ubuntu1.16.10.2-b11)
# Java VM: OpenJDK 64-Bit Server VM (25.131-b11 mixed mode linux-amd64 compressed oops)
Heap:
 PSYoungGen      total 17408K, used 10338K [0x00000000ebf80000, 0x00000000ed200000, 0x0000000100000000)
  eden space 15872K, 58% used [0x00000000ebf80000,0x00000000ec88c9b8,0x00000000ecf00000)
  from space 1536K, 69% used [0x00000000ecf00000,0x00000000ed00c010,0x00000000ed080000)
  to   space 1536K, 0% used [0x00000000ed080000,0x00000000ed080000,0x00000000ed200000)
 ParOldGen       total 42496K, used 40K [0x00000000c3e00000, 0x00000000c6780000, 0x00000000ebf80000)
  object space 42496K, 0% used [0x00000000c3e00000,0x00000000c3e0a000,0x00000000c6780000)
 Metaspace       used 5907K, capacity 6098K, committed 6400K, reserved 1056768K
  class space    used 619K, capacity 695K, committed 768K, reserved 1048576K
GC Heap History (10 events):
Event: 89.242 GC heap before
{Heap before GC invocations=1 (full 0):
 PSYoungGen      total 18432K, used 15872K [0x00000000ebf80000, 0x00000000ed400000, 0x0000000100000000)
  eden space 15872K, 100% used [0x00000000ebf80000,0x00000000ecf00000,0x00000000ecf00000)
  from space 2560K, 0% used [0x00000000ed180000,0x00000000ed180000,0x00000000ed400000)
  to   space 2560K, 0% used [0x00000000ecf00000,0x00000000ecf00000,0x00000000ed180000)
 ParOldGen       total 42496K, used 0K [0x00000000c3e00000, 0x00000000c6780000, 0x00000000ebf80000)
  object space 42496K, 0% used [0x00000000c3e00000,0x00000000c3e00000,0x00000000c6780000)
 Metaspace       used 5905K, capacity 6098K, committed 6400K, reserved 1056768K
  class space    used 619K, capacity 695K, committed 768K, reserved 1048576K
Event: 89.245 GC heap after
Heap after GC invocations=1 (full 0):
 PSYoungGen      total 18432K, used 1225K [0x00000000ebf80000, 0x00000000ed400000, 0x0000000100000000)
  eden space 15872K, 0% used [0x00000000ebf80000,0x00000000ebf80000,0x00000000ecf00000)
  from space 2560K, 47% used [0x00000000ecf00000,0x00000000ed032740,0x00000000ed180000)
  to   space 2560K, 0% used [0x00000000ed180000,0x00000000ed180000,0x00000000ed400000)
 ParOldGen       total 42496K, used 16K [0x00000000c3e00000, 0x00000000c6780000, 0x00000000ebf80000)
  object space 42496K, 0% used [0x00000000c3e00000,0x00000000c3e04000,0x00000000c6780000)
 Metaspace       used 5905K, capacity 6098K, committed 6400K, reserved 1056768K
  class space    used 619K, capacity 695K, committed 768K, reserved 1048576K
}
Event: 129.741 GC heap before
{Heap before GC invocations=2 (full 0):
 PSYoungGen      total 18432K, used 17097K [0x00000000ebf80000, 0x00000000ed400000, 0x0000000100000000)
  eden space 15872K, 100% used [0x00000000ebf80000,0x00000000ecf00000,0x00000000ecf00000)
  from space 2560K, 47% used [0x00000000ecf00000,0x00000000ed032740,0x00000000ed180000)
  to   space 2560K, 0% used [0x00000000ed180000,0x00000000ed180000,0x00000000ed400000)
 ParOldGen       total 42496K, used 16K [0x00000000c3e00000, 0x00000000c6780000, 0x00000000ebf80000)
  object space 42496K, 0% used [0x00000000c3e00000,0x00000000c3e04000,0x00000000c6780000)
 Metaspace       used 5906K, capacity 6098K, committed 6400K, reserved 1056768K
  class space    used 619K, capacity 695K, committed 768K, reserved 1048576K
Event: 129.744 GC heap after
Heap after GC invocations=2 (full 0):
 PSYoungGen      total 18432K, used 1104K [0x00000000ebf80000, 0x00000000ed400000, 0x0000000100000000)
  eden space 15872K, 0% used [0x00000000ebf80000,0x00000000ebf80000,0x00000000ecf00000)
  from space 2560K, 43% used [0x00000000ed180000,0x00000000ed294010,0x00000000ed400000)
  to   space 2560K, 0% used [0x00000000ecf00000,0x00000000ecf00000,0x00000000ed180000)
 ParOldGen       total 42496K, used 24K [0x00000000c3e00000, 0x00000000c6780000, 0x00000000ebf80000)
  object space 42496K, 0% used [0x00000000c3e00000,0x00000000c3e06000,0x00000000c6780000)
 Metaspace       used 5906K, capacity 6098K, committed 6400K, reserved 1056768K
  class space    used 619K, capacity 695K, committed 768K, reserved 1048576K
}
Event: 174.290 GC heap before
{Heap before GC invocations=3 (full 0):
 PSYoungGen      total 18432K, used 16976K [0x00000000ebf80000, 0x00000000ed400000, 0x0000000100000000)
  eden space 15872K, 100% used [0x00000000ebf80000,0x00000000ecf00000,0x00000000ecf00000)
  from space 2560K, 43% used [0x00000000ed180000,0x00000000ed294010,0x00000000ed400000)
  to   space 2560K, 0% used [0x00000000ecf00000,0x00000000ecf00000,0x00000000ed180000)
 ParOldGen       total 42496K, used 24K [0x00000000c3e00000, 0x00000000c6780000, 0x00000000ebf80000)
  object space 42496K, 0% used [0x00000000c3e00000,0x00000000c3e06000,0x00000000c6780000)
 Metaspace       used 5906K, capacity 6098K, committed 6400K, reserved 1056768K
  class space    used 619K, capacity 695K, committed 768K, reserved 1048576K
Event: 174.292 GC heap after
Heap after GC invocations=3 (full 0):
 PSYoungGen      total 18432K, used 1072K [0x00000000ebf80000, 0x00000000ed400000, 0x0000000100000000)
  eden space 15872K, 0% used [0x00000000ebf80000,0x00000000ebf80000,0x00000000ecf00000)
  from space 2560K, 41% used [0x00000000ecf00000,0x00000000ed00c010,0x00000000ed180000)
  to   space 2560K, 0% used [0x00000000ed180000,0x00000000ed180000,0x00000000ed400000)
 ParOldGen       total 42496K, used 32K [0x00000000c3e00000, 0x00000000c6780000, 0x00000000ebf80000)
  object space 42496K, 0% used [0x00000000c3e00000,0x00000000c3e08000,0x00000000c6780000)
 Metaspace       used 5906K, capacity 6098K, committed 6400K, reserved 1056768K
  class space    used 619K, capacity 695K, committed 768K, reserved 1048576K
}
Event: 249.071 GC heap before
{Heap before GC invocations=4 (full 0):
 PSYoungGen      total 18432K, used 16944K [0x00000000ebf80000, 0x00000000ed400000, 0x0000000100000000)
  eden space 15872K, 100% used [0x00000000ebf80000,0x00000000ecf00000,0x00000000ecf00000)
  from space 2560K, 41% used [0x00000000ecf00000,0x00000000ed00c010,0x00000000ed180000)
  to   space 2560K, 0% used [0x00000000ed180000,0x00000000ed180000,0x00000000ed400000)
 ParOldGen       total 42496K, used 32K [0x00000000c3e00000, 0x00000000c6780000, 0x00000000ebf80000)
  object space 42496K, 0% used [0x00000000c3e00000,0x00000000c3e08000,0x00000000c6780000)
 Metaspace       used 5907K, capacity 6098K, committed 6400K, reserved 1056768K
  class space    used 619K, capacity 695K, committed 768K, reserved 1048576K
Event: 249.074 GC heap after
Heap after GC invocations=4 (full 0):
 PSYoungGen      total 18432K, used 1120K [0x00000000ebf80000, 0x00000000ed400000, 0x0000000100000000)
  eden space 15872K, 0% used [0x00000000ebf80000,0x00000000ebf80000,0x00000000ecf00000)
  from space 2560K, 43% used [0x00000000ed180000,0x00000000ed298020,0x00000000ed400000)
  to   space 2560K, 0% used [0x00000000ecf00000,0x00000000ecf00000,0x00000000ed180000)
 ParOldGen       total 42496K, used 32K [0x00000000c3e00000, 0x00000000c6780000, 0x00000000ebf80000)
  object space 42496K, 0% used [0x00000000c3e00000,0x00000000c3e08000,0x00000000c6780000)
 Metaspace       used 5907K, capacity 6098K, committed 6400K, reserved 1056768K
  class space    used 619K, capacity 695K, committed 768K, reserved 1048576K
}
Event: 288.411 GC heap before
{Heap before GC invocations=5 (full 0):
 PSYoungGen      total 18432K, used 16992K [0x00000000ebf80000, 0x00000000ed400000, 0x0000000100000000)
  eden space 15872K, 100% used [0x00000000ebf80000,0x00000000ecf00000,0x00000000ecf00000)
  from space 2560K, 43% used [0x00000000ed180000,0x00000000ed298020,0x00000000ed400000)
  to   space 2560K, 0% used [0x00000000ecf00000,0x00000000ecf00000,0x00000000ed180000)
 ParOldGen       total 42496K, used 32K [0x00000000c3e00000, 0x00000000c6780000, 0x00000000ebf80000)
  object space 42496K, 0% used [0x00000000c3e00000,0x00000000c3e08000,0x00000000c6780000)
 Metaspace       used 5907K, capacity 6098K, committed 6400K, reserved 1056768K
  class space    used 619K, capacity 695K, committed 768K, reserved 1048576K
Event: 288.413 GC heap after
Heap after GC invocations=5 (full 0):
 PSYoungGen      total 17408K, used 1072K [0x00000000ebf80000, 0x00000000ed200000, 0x0000000100000000)
  eden space 15872K, 0% used [0x00000000ebf80000,0x00000000ebf80000,0x00000000ecf00000)
  from space 1536K, 69% used [0x00000000ecf00000,0x00000000ed00c010,0x00000000ed080000)
  to   space 1536K, 0% used [0x00000000ed080000,0x00000000ed080000,0x00000000ed200000)
 ParOldGen       total 42496K, used 40K [0x00000000c3e00000, 0x00000000c6780000, 0x00000000ebf80000)
  object space 42496K, 0% used [0x00000000c3e00000,0x00000000c3e0a000,0x00000000c6780000)
 Metaspace       used 5907K, capacity 6098K, committed 6400K, reserved 1056768K
  class space    used 619K, capacity 695K, committed 768K, reserved 1048576K
}

